<?xml version="1.0" encoding="UTF-8"?>
<!-- Generated by org.testng.reporters.JUnitReportReporter -->
<testsuite skipped="0" hostname="GBTC02S65PJG8WN" name="Weekly_Testing.Two_dimentional_Array" tests="1" failures="0" timestamp="2020-10-03T14:16:42 EDT" time="0.008" errors="0">
  <testcase name="Two_dimentional_Array_Testing" time="0.008" classname="Weekly_Testing.Two_dimentional_Array"/>
  <system-out/>
</testsuite> <!-- Weekly_Testing.Two_dimentional_Array -->
