<?xml version="1.0" encoding="UTF-8"?>
<!-- Generated by org.testng.reporters.JUnitReportReporter -->
<testsuite skipped="0" hostname="GBTC02S65PJG8WN" name="Interview.Java_interview" tests="1" failures="0" timestamp="2020-10-26T16:39:50 EDT" time="0.009" errors="0">
  <testcase name="Interview_Practice" time="0.009" classname="Interview.Java_interview"/>
  <system-out/>
</testsuite> <!-- Interview.Java_interview -->
