<?xml version="1.0" encoding="UTF-8"?>
<!-- Generated by org.testng.reporters.JUnitReportReporter -->
<testsuite skipped="0" hostname="GBTC02S65PJG8WN" name="Java_Collections.Map_Collections" tests="1" failures="0" timestamp="2020-10-08T16:18:31 EDT" time="0.618" errors="0">
  <testcase name="Map_Test" time="0.618" classname="Java_Collections.Map_Collections"/>
  <system-out/>
</testsuite> <!-- Java_Collections.Map_Collections -->
