<?xml version="1.0" encoding="UTF-8"?>
<!-- Generated by org.testng.reporters.JUnitReportReporter -->
<testsuite skipped="0" hostname="GBTC02S65PJG8WN" name="Method_Over_Loading.method_Overloading_SwapMethod" tests="1" failures="0" timestamp="2020-10-05T13:21:19 EDT" time="0.008" errors="0">
  <testcase name="Method_Testing" time="0.008" classname="Method_Over_Loading.method_Overloading_SwapMethod"/>
  <system-out/>
</testsuite> <!-- Method_Over_Loading.method_Overloading_SwapMethod -->
