<?xml version="1.0" encoding="UTF-8"?>
<!-- Generated by org.testng.reporters.JUnitReportReporter -->
<testsuite skipped="0" hostname="GBTC02S65PJG8WN" name="Interview.Find_Duplicated" tests="1" failures="0" timestamp="2020-10-15T16:38:59 EDT" time="0.010" errors="0">
  <testcase name="find_Duplication" time="0.010" classname="Interview.Find_Duplicated"/>
  <system-out/>
</testsuite> <!-- Interview.Find_Duplicated -->
