<?xml version="1.0" encoding="UTF-8"?>
<!-- Generated by org.testng.reporters.JUnitReportReporter -->
<testsuite skipped="0" hostname="GBTC02S65PJG8WN" name="Weekly_Testing.Array_Testing" tests="1" failures="0" timestamp="2020-10-02T11:44:46 EDT" time="0.009" errors="0">
  <testcase name="Two_Dimentional_Array" time="0.009" classname="Weekly_Testing.Array_Testing"/>
  <system-out/>
</testsuite> <!-- Weekly_Testing.Array_Testing -->
