<?xml version="1.0" encoding="UTF-8"?>
<!-- Generated by org.testng.reporters.JUnitReportReporter -->
<testsuite skipped="0" hostname="GBTC02S65PJG8WN" name="Java_Collections.List" tests="1" failures="0" timestamp="2020-10-06T17:24:15 EDT" time="0.009" errors="0">
  <testcase name="Array_Testing" time="0.009" classname="Java_Collections.List"/>
  <system-out/>
</testsuite> <!-- Java_Collections.List -->
