<?xml version="1.0" encoding="UTF-8"?>
<!-- Generated by org.testng.reporters.JUnitReportReporter -->
<testsuite skipped="0" hostname="GBTC02S65PJG8WN" name="Interview.PrimeNumber" tests="1" failures="0" timestamp="2020-11-04T13:51:19 EST" time="0.007" errors="0">
  <testcase name="Prime_Num_Test" time="0.007" classname="Interview.PrimeNumber"/>
  <system-out/>
</testsuite> <!-- Interview.PrimeNumber -->
